\BOOKMARK [0][-]{chapter*.2}{\376\377\000A\000c\000k\000n\000o\000w\000l\000e\000d\000g\000e\000m\000e\000n\000t\000s}{}% 1
\BOOKMARK [0][-]{chapter*.2}{\376\377\000L\000i\000s\000t\000\040\000o\000f\000\040\000F\000i\000g\000u\000r\000e\000s}{}% 2
\BOOKMARK [0][-]{chapter*.2}{\376\377\000L\000i\000s\000t\000\040\000o\000f\000\040\000T\000a\000b\000l\000e\000s}{}% 3
\BOOKMARK [0][-]{chapter*.3}{\376\377\000L\000i\000s\000t\000\040\000o\000f\000\040\000A\000b\000b\000r\000e\000v\000i\000a\000t\000i\000o\000n\000s}{}% 4
\BOOKMARK [0][-]{chapter.4}{\376\377\000I\000n\000t\000r\000o\000d\000u\000c\000t\000i\000o\000n}{}% 5
\BOOKMARK [1][-]{section.5}{\376\377\000P\000r\000o\000j\000e\000c\000t\000\040\000B\000a\000c\000k\000g\000r\000o\000u\000n\000d\000\040\000a\000n\000d\000\040\000C\000o\000n\000t\000e\000x\000t}{chapter.4}% 6
\BOOKMARK [1][-]{section.6}{\376\377\000P\000r\000o\000b\000l\000e\000m\000\040\000S\000t\000a\000t\000e\000m\000e\000n\000t}{chapter.4}% 7
\BOOKMARK [1][-]{section.7}{\376\377\000O\000b\000j\000e\000c\000t\000i\000v\000e\000s}{chapter.4}% 8
\BOOKMARK [2][-]{subsection.8}{\376\377\000S\000p\000e\000c\000i\000f\000i\000c\000\040\000O\000b\000j\000e\000c\000t\000i\000v\000e\000s}{section.7}% 9
\BOOKMARK [2][-]{subsection.9}{\376\377\000G\000e\000n\000e\000r\000a\000l\000\040\000O\000b\000j\000e\000c\000t\000i\000v\000e}{section.7}% 10
\BOOKMARK [1][-]{section.14}{\376\377\000S\000c\000o\000p\000e}{chapter.4}% 11
\BOOKMARK [0][-]{chapter.21}{\376\377\000L\000i\000t\000e\000r\000a\000t\000u\000r\000e\000\040\000R\000e\000v\000i\000e\000w}{}% 12
\BOOKMARK [1][-]{section.22}{\376\377\000R\000e\000l\000a\000t\000e\000d\000\040\000W\000o\000r\000k}{chapter.21}% 13
\BOOKMARK [1][-]{section.23}{\376\377\000R\000e\000l\000a\000t\000e\000d\000\040\000T\000h\000e\000o\000r\000y}{chapter.21}% 14
\BOOKMARK [2][-]{subsection.24}{\376\377\000H\000L\0007\000\040\000F\000H\000I\000R\000\040\000I\000n\000t\000e\000r\000o\000p\000e\000r\000a\000b\000i\000l\000i\000t\000y\000\040\000S\000t\000a\000n\000d\000a\000r\000d}{section.23}% 15
\BOOKMARK [2][-]{subsection.29}{\376\377\000R\000o\000l\000e\000-\000B\000a\000s\000e\000d\000\040\000A\000c\000c\000e\000s\000s\000\040\000C\000o\000n\000t\000r\000o\000l\000\040\000\050\000R\000B\000A\000C\000\051}{section.23}% 16
\BOOKMARK [2][-]{subsection.31}{\376\377\000T\000r\000a\000n\000s\000a\000c\000t\000i\000o\000n\000a\000l\000\040\000C\000l\000i\000n\000i\000c\000a\000l\000\040\000S\000a\000f\000e\000t\000y\000\040\000L\000o\000g\000i\000c}{section.23}% 17
\BOOKMARK [2][-]{subsection.35}{\376\377\000S\000t\000a\000n\000d\000a\000r\000d\000i\000z\000e\000d\000\040\000C\000l\000i\000n\000i\000c\000a\000l\000\040\000T\000e\000r\000m\000i\000n\000o\000l\000o\000g\000i\000e\000s}{section.23}% 18
\BOOKMARK [2][-]{subsection.36}{\376\377\000R\000e\000p\000r\000e\000s\000e\000n\000t\000a\000t\000i\000o\000n\000a\000l\000\040\000S\000t\000a\000t\000e\000\040\000T\000r\000a\000n\000s\000f\000e\000r\000\040\000\050\000R\000E\000S\000T\000\051\000\040\000A\000r\000c\000h\000i\000t\000e\000c\000t\000u\000r\000e}{section.23}% 19
\BOOKMARK [2][-]{subsection.37}{\376\377\000T\000h\000e\000\040\000D\000j\000a\000n\000g\000o\000\040\000W\000e\000b\000\040\000F\000r\000a\000m\000e\000w\000o\000r\000k}{section.23}% 20
\BOOKMARK [2][-]{subsection.38}{\376\377\000D\000j\000a\000n\000g\000o\000\040\000R\000E\000S\000T\000\040\000F\000r\000a\000m\000e\000w\000o\000r\000k\000\040\000\050\000D\000R\000F\000\051}{section.23}% 21
\BOOKMARK [2][-]{subsection.39}{\376\377\000T\000h\000e\000\040\000R\000e\000a\000c\000t\000\040\000J\000a\000v\000a\000S\000c\000r\000i\000p\000t\000\040\000L\000i\000b\000r\000a\000r\000y}{section.23}% 22
\BOOKMARK [2][-]{subsection.40}{\376\377\000F\000a\000s\000t\000\040\000H\000e\000a\000l\000t\000h\000c\000a\000r\000e\000\040\000I\000n\000t\000e\000r\000o\000p\000e\000r\000a\000b\000i\000l\000i\000t\000y\000\040\000R\000e\000s\000o\000u\000r\000c\000e\000s\000\040\000\050\000H\000L\0007\000\040\000F\000H\000I\000R\000\051}{section.23}% 23
\BOOKMARK [0][-]{chapter.41}{\376\377\000M\000e\000t\000h\000o\000d\000o\000l\000o\000g\000y}{}% 24
\BOOKMARK [1][-]{section.42}{\376\377\000S\000o\000f\000t\000w\000a\000r\000e\000\040\000D\000e\000v\000e\000l\000o\000p\000m\000e\000n\000t\000\040\000M\000o\000d\000e\000l}{chapter.41}% 25
\BOOKMARK [1][-]{section.48}{\376\377\000R\000e\000q\000u\000i\000r\000e\000m\000e\000n\000t\000\040\000A\000n\000a\000l\000y\000s\000i\000s}{chapter.41}% 26
\BOOKMARK [2][-]{subsection.49}{\376\377\000F\000u\000n\000c\000t\000i\000o\000n\000a\000l\000\040\000R\000e\000q\000u\000i\000r\000e\000m\000e\000n\000t\000s}{section.48}% 27
\BOOKMARK [2][-]{subsection.50}{\376\377\000N\000o\000n\000\040\000F\000u\000n\000c\000t\000i\000o\000n\000a\000l\000\040\000R\000e\000q\000u\000i\000r\000e\000m\000e\000n\000t\000s}{section.48}% 28
\BOOKMARK [1][-]{section.51}{\376\377\000P\000r\000o\000p\000o\000s\000e\000d\000\040\000S\000y\000s\000t\000e\000m\000\040\000D\000e\000s\000i\000g\000n}{chapter.41}% 29
\BOOKMARK [2][-]{subsection.52}{\376\377\000S\000y\000s\000t\000e\000m\000\040\000A\000r\000c\000h\000i\000t\000e\000c\000t\000u\000r\000e}{section.51}% 30
\BOOKMARK [2][-]{subsection.54}{\376\377\000U\000s\000e\000\040\000C\000a\000s\000e\000\040\000D\000i\000a\000g\000r\000a\000m}{section.51}% 31
\BOOKMARK [2][-]{subsection.56}{\376\377\000D\000a\000t\000a\000\040\000F\000l\000o\000w\000\040\000D\000i\000a\000g\000r\000a\000m}{section.51}% 32
\BOOKMARK [2][-]{subsection.59}{\376\377\000S\000y\000s\000t\000e\000m\000\040\000F\000l\000o\000w\000c\000h\000a\000r\000t}{section.51}% 33
\BOOKMARK [1][-]{section.61}{\376\377\000I\000m\000p\000l\000e\000m\000e\000n\000t\000a\000t\000i\000o\000n\000\040\000D\000e\000t\000a\000i\000l\000s}{chapter.41}% 34
\BOOKMARK [2][-]{subsection.62}{\376\377\000F\000r\000o\000n\000t\000e\000n\000d\000\040\000D\000e\000v\000e\000l\000o\000p\000m\000e\000n\000t}{section.61}% 35
\BOOKMARK [2][-]{subsection.64}{\376\377\000B\000a\000c\000k\000e\000n\000d\000\040\000D\000e\000v\000e\000l\000o\000p\000m\000e\000n\000t}{section.61}% 36
\BOOKMARK [2][-]{subsection.65}{\376\377\000I\000n\000t\000e\000r\000o\000p\000e\000r\000a\000b\000i\000l\000i\000t\000y\000\040\000a\000n\000d\000\040\000C\000l\000i\000n\000i\000c\000a\000l\000\040\000V\000a\000l\000i\000d\000a\000t\000i\000o\000n\000\040\000I\000n\000t\000e\000g\000r\000a\000t\000i\000o\000n}{section.61}% 37
\BOOKMARK [2][-]{subsection.66}{\376\377\000D\000a\000t\000a\000b\000a\000s\000e\000\040\000S\000c\000h\000e\000m\000a}{section.61}% 38
\BOOKMARK [2][-]{subsection.67}{\376\377\000T\000e\000s\000t\000i\000n\000g\000\040\000S\000t\000r\000a\000t\000e\000g\000y}{section.61}% 39
\BOOKMARK [0][-]{chapter.68}{\376\377\000R\000e\000s\000u\000l\000t\000s\000\040\000a\000n\000d\000\040\000D\000i\000s\000c\000u\000s\000s\000i\000o\000n}{}% 40
\BOOKMARK [1][-]{section.69}{\376\377\000T\000a\000s\000k\000\040\000C\000o\000m\000p\000l\000e\000t\000e\000d}{chapter.68}% 41
\BOOKMARK [2][-]{subsection.70}{\376\377\000B\000a\000c\000k\000e\000n\000d\000\040\000S\000y\000s\000t\000e\000m\000\040\000A\000r\000c\000h\000i\000t\000e\000c\000t\000u\000r\000e\000\040\000\050\000D\000j\000a\000n\000g\000o\000\040\0005\000,\000\040\000D\000R\000F\000,\000\040\000a\000n\000d\000\040\000P\000o\000s\000t\000g\000r\000e\000S\000Q\000L\000\051}{section.69}% 42
\BOOKMARK [2][-]{subsection.71}{\376\377\000F\000r\000o\000n\000t\000e\000n\000d\000\040\000A\000r\000c\000h\000i\000t\000e\000c\000t\000u\000r\000e\000\040\000a\000n\000d\000\040\000I\000n\000t\000e\000r\000f\000a\000c\000e\000\040\000D\000e\000s\000i\000g\000n\000\040\000\050\000R\000e\000a\000c\000t\000\040\0001\0008\000,\000\040\000V\000i\000t\000e\000,\000\040\000a\000n\000d\000\040\000T\000a\000i\000l\000w\000i\000n\000d\000\040\000C\000S\000S\000\051}{section.69}% 43
\BOOKMARK [1][-]{section.72}{\376\377\000T\000a\000s\000k\000\040\000r\000e\000m\000a\000i\000n\000i\000n\000g}{chapter.68}% 44
\BOOKMARK [2][-]{subsection.73}{\376\377\000E\000x\000p\000a\000n\000d\000e\000d\000\040\000L\000a\000b\000o\000r\000a\000t\000o\000r\000y\000\040\000D\000i\000a\000g\000n\000o\000s\000t\000i\000c\000s\000\040\000a\000n\000d\000\040\000L\000O\000I\000N\000C\000\040\000M\000a\000p\000p\000i\000n\000g}{section.72}% 45
\BOOKMARK [2][-]{subsection.75}{\376\377\000E\000x\000p\000a\000n\000d\000e\000d\000\040\000F\000H\000I\000R\000\040\000I\000n\000t\000e\000r\000o\000p\000e\000r\000a\000b\000i\000l\000i\000t\000y\000\040\000L\000a\000y\000e\000r}{section.72}% 46
\BOOKMARK [2][-]{subsection.76}{\376\377\000S\000y\000m\000p\000t\000o\000m\000-\000B\000a\000s\000e\000d\000\040\000R\000e\000g\000i\000s\000t\000r\000a\000t\000i\000o\000n\000\040\000a\000n\000d\000\040\000D\000e\000t\000e\000r\000m\000i\000n\000i\000s\000t\000i\000c\000\040\000R\000o\000u\000t\000i\000n\000g}{section.72}% 47
\BOOKMARK [2][-]{subsection.77}{\376\377\000D\000e\000t\000e\000r\000m\000i\000n\000i\000s\000t\000i\000c\000\040\000R\000i\000s\000k\000\040\000A\000n\000a\000l\000y\000s\000i\000s\000\040\000a\000n\000d\000\040\000C\000l\000i\000n\000i\000c\000a\000l\000\040\000S\000a\000f\000e\000t\000y\000\040\000F\000l\000a\000g\000s}{section.72}% 48
\BOOKMARK [0][-]{chapter*.78}{\376\377\000R\000e\000f\000e\000r\000e\000n\000c\000e\000s}{}% 49
\BOOKMARK [0][-]{chapter.79}{\376\377\000A\000p\000p\000e\000n\000d\000i\000x}{}% 50
